<?xml version="1.0" encoding="UTF-8"?>
<!-- Generated by org.testng.reporters.JUnitReportReporter -->
<testsuite hostname="DESKTOP-PTC3J18" failures="0" tests="1" name="Rest_testing.Logging_request_and_response" time="1.687" errors="0" timestamp="2021-07-02T13:19:11 EEST" skipped="0">
  <testcase classname="Rest_testing.Logging_request_and_response" name="Logging" time="1.687"/>
  <system-out/>
</testsuite> <!-- Rest_testing.Logging_request_and_response -->
