<?xml version="1.0" encoding="UTF-8"?>
<!-- Generated by org.testng.reporters.JUnitReportReporter -->
<testsuite hostname="DESKTOP-PTC3J18" failures="0" tests="1" name="Rest_testing.Logging_request_and_response" time="1.785" errors="0" timestamp="2022-02-02T11:45:37 EET" skipped="0">
  <testcase classname="Rest_testing.Logging_request_and_response" name="Logging" time="1.785"/>
  <system-out/>
</testsuite> <!-- Rest_testing.Logging_request_and_response -->
