<?xml version="1.0" encoding="UTF-8"?>
<!-- Generated by org.testng.reporters.JUnitReportReporter -->
<testsuite hostname="DESKTOP-PTC3J18" failures="0" tests="2" name="basic.rest.get.Verify_response" time="1.715" errors="0" timestamp="2021-07-01T17:52:22 EEST" skipped="0">
  <testcase classname="basic.rest.get.Verify_response" name="Verify_response_body" time="1.600"/>
  <system-out/>
  <testcase classname="basic.rest.get.Verify_response" name="Verify_response_header" time="0.115"/>
  <system-out/>
</testsuite> <!-- basic.rest.get.Verify_response -->
