<?xml version="1.0" encoding="UTF-8"?>
<!-- Generated by org.testng.reporters.JUnitReportReporter -->
<testsuite hostname="DESKTOP-PTC3J18" failures="0" tests="1" name="Rest_testing.Extract_response" time="1.644" errors="0" timestamp="2022-02-02T13:27:27 EET" skipped="0">
  <testcase classname="Rest_testing.Extract_response" name="Get_response_json" time="1.644"/>
  <system-out/>
</testsuite> <!-- Rest_testing.Extract_response -->
