<?xml version="1.0" encoding="UTF-8"?>
<!-- Generated by org.testng.reporters.JUnitReportReporter -->
<testsuite hostname="DESKTOP-PTC3J18" failures="0" tests="1" name="Rest_testing.Delete_request" time="1.599" errors="0" timestamp="2021-07-02T13:06:50 EEST" skipped="0">
  <testcase classname="Rest_testing.Delete_request" name="Get_response_json" time="1.599"/>
  <system-out/>
</testsuite> <!-- Rest_testing.Delete_request -->
